#
# A fatal error has been detected by the Java Runtime Environment:
#
#  EXCEPTION_ACCESS_VIOLATION (0xc0000005) at pc=0x000000005f3e0cf8, pid=112620, tid=0x000000000001b888
#
# JRE version: Java(TM) SE Runtime Environment (8.0_212-b10) (build 1.8.0_212-b10)
# Java VM: Java HotSpot(TM) 64-Bit Server VM (25.212-b10 mixed mode windows-amd64 compressed oops)
# Problematic frame:
# V  [jvm.dll+0x5e0cf8]
#
# Failed to write core dump. Minidumps are not enabled by default on client versions of Windows
#
# If you would like to submit a bug report, please visit:
#   http://bugreport.java.com/bugreport/crash.jsp
#

---------------  T H R E A D  ---------------

Current thread (0x0000000015dc7000):  VMThread [stack: 0x0000000016e60000,0x0000000016f60000] [id=112776]

siginfo: ExceptionCode=0xc0000005, reading address 0x0000000020000ff0

Registers:
RAX=0x0000000000000ff0, RBX=0x000000005f3e0c80, RCX=0x000000005f6223e8, RDX=0x0000000020000000
RSP=0x0000000016f5f850, RBP=0x00000000023f6748, RSI=0x0000000000000ff0, RDI=0x000000005f6223f0
R8 =0x0000000000000ff8, R9 =0x0000000000000001, R10=0x0000000000008000, R11=0x0000000016f5f7c0
R12=0x00000000000000bb, R13=0x0000000000000000, R14=0x000000005f44bcc0, R15=0x00000000023f6630
RIP=0x000000005f3e0cf8, EFLAGS=0x0000000000010206

Top of Stack: (sp=0x0000000016f5f850)
0x0000000016f5f850:   00000000023f6090 000000005f0880b5
0x0000000016f5f860:   00000000023f78e0 00007ff89dce4e87
0x0000000016f5f870:   00000000023f6778 0000000000000000
0x0000000016f5f880:   00000000023f6630 000000005f3dbdcf
0x0000000016f5f890:   000000005f3e0c80 00000000023f6748
0x0000000016f5f8a0:   0000000000000001 0000000000000000
0x0000000016f5f8b0:   0000000000000001 000000005ee00000
0x0000000016f5f8c0:   00000000023f1658 000000005f3dc019
0x0000000016f5f8d0:   0000000000000001 0000000015cd5400
0x0000000016f5f8e0:   0000000000000000 000000005ee00000
0x0000000016f5f8f0:   c000000500000001 0000000016f5e9c0
0x0000000016f5f900:   000000005f3dc070 00007ff89dce5031
0x0000000016f5f910:   000000007ffe0385 0000000000000000
0x0000000016f5f920:   000000007ffe0384 000000007ffe0385
0x0000000016f5f930:   0000000000000001 00007ff89dd2aecc
0x0000000016f5f940:   0000428612da7b00 0000000000600020 

Instructions: (pc=0x000000005f3e0cf8)
0x000000005f3e0cd8:   48 83 e6 f8 48 85 d2 74 2a 48 8b 07 4c 8d 46 08
0x000000005f3e0ce8:   48 8d 4f f8 48 c1 e0 04 48 83 c0 07 48 83 e0 f8
0x000000005f3e0cf8:   48 8b 1c 10 48 8b 47 f8 ff 50 08 48 8b d3 48 85
0x000000005f3e0d08:   db 75 d6 48 8b 37 48 8b 57 38 48 c1 e6 04 48 83 


Register to memory mapping:

RAX=0x0000000000000ff0 is an unknown value
RBX=0x000000005f3e0c80 is an unknown value
RCX=0x000000005f6223e8 is an unknown value
RDX=0x0000000020000000 is an unknown value
RSP=0x0000000016f5f850 is an unknown value
RBP=0x00000000023f6748 is an unknown value
RSI=0x0000000000000ff0 is an unknown value
RDI=0x000000005f6223f0 is an unknown value
R8 =0x0000000000000ff8 is an unknown value
R9 =0x0000000000000001 is an unknown value
R10=0x0000000000008000 is an unknown value
R11=0x0000000016f5f7c0 is an unknown value
R12=0x00000000000000bb is an unknown value
R13=0x0000000000000000 is an unknown value
R14=0x000000005f44bcc0 is an unknown value
R15=0x00000000023f6630 is an unknown value


Stack: [0x0000000016e60000,0x0000000016f60000],  sp=0x0000000016f5f850,  free space=1022k
Native frames: (J=compiled Java code, j=interpreted, Vv=VM code, C=native code)
V  [jvm.dll+0x5e0cf8]
V  [jvm.dll+0x5dbdcf]
V  [jvm.dll+0x5dc019]
C  [ntdll.dll+0x25031]
C  [ntdll.dll+0x6aaa2]
C  [ntdll.dll+0x6a94d]
C  [KERNEL32.DLL+0x1cd8a]
C  [msvcr100.dll+0x20ccd]
V  [jvm.dll+0x2140d5]
V  [jvm.dll+0x24d5f7]
V  [jvm.dll+0x24c896]
V  [jvm.dll+0x24cd31]
V  [jvm.dll+0x24cf4e]
V  [jvm.dll+0x29fc6a]
C  [msvcr100.dll+0x21d9f]
C  [msvcr100.dll+0x21e3b]
C  [KERNEL32.DLL+0x17bd4]
C  [ntdll.dll+0x6ce71]

VM_Operation (0x000000001905d240): Exit, mode: safepoint, requested by thread 0x00000000183f0000


---------------  P R O C E S S  ---------------

Java Threads: ( => current thread )
  0x000000001afce800 JavaThread "Thread-5" [_thread_in_native, id=114940, stack(0x000000001c0f0000,0x000000001c1f0000)]
  0x0000000018b4d000 JavaThread "Thread-4" [_thread_in_native, id=114932, stack(0x000000001bed0000,0x000000001bfd0000)]
  0x000000001844b000 JavaThread "TimerQueue" daemon [_thread_blocked, id=113720, stack(0x0000000019cf0000,0x0000000019df0000)]
  0x00000000023fd800 JavaThread "DestroyJavaVM" [_thread_blocked, id=113372, stack(0x0000000002240000,0x0000000002340000)]
  0x000000001841c000 JavaThread "Thread-2" [_thread_in_native, id=114472, stack(0x0000000019aa0000,0x0000000019ba0000)]
  0x00000000183f0000 JavaThread "AWT-EventQueue-0" [_thread_blocked, id=111976, stack(0x0000000018f60000,0x0000000019060000)]
  0x0000000017b53000 JavaThread "AWT-Shutdown" [_thread_blocked, id=108276, stack(0x0000000018060000,0x0000000018160000)]
  0x0000000017b52000 JavaThread "Java2D Disposer" daemon [_thread_blocked, id=112772, stack(0x0000000017f60000,0x0000000018060000)]
  0x0000000015e5e000 JavaThread "Service Thread" daemon [_thread_blocked, id=112152, stack(0x0000000017b60000,0x0000000017c60000)]
  0x0000000015e1c000 JavaThread "C1 CompilerThread2" daemon [_thread_blocked, id=113788, stack(0x0000000017660000,0x0000000017760000)]
  0x0000000015e09000 JavaThread "C2 CompilerThread1" daemon [_thread_blocked, id=112144, stack(0x0000000017560000,0x0000000017660000)]
  0x0000000015e04800 JavaThread "C2 CompilerThread0" daemon [_thread_blocked, id=114576, stack(0x0000000017460000,0x0000000017560000)]
  0x0000000015e03800 JavaThread "Attach Listener" daemon [_thread_blocked, id=109924, stack(0x0000000017360000,0x0000000017460000)]
  0x0000000015e02800 JavaThread "Signal Dispatcher" daemon [_thread_blocked, id=112652, stack(0x0000000017260000,0x0000000017360000)]
  0x00000000024fb800 JavaThread "Finalizer" daemon [_thread_blocked, id=114244, stack(0x0000000017060000,0x0000000017160000)]
  0x00000000024f3000 JavaThread "Reference Handler" daemon [_thread_blocked, id=114040, stack(0x0000000016f60000,0x0000000017060000)]

Other Threads:
=>0x0000000015dc7000 VMThread [stack: 0x0000000016e60000,0x0000000016f60000] [id=112776]

VM state:at safepoint (shutting down)

VM Mutex/Monitor currently owned by a thread:  ([mutex/lock_event])
[0x00000000023fd270] Threads_lock - owner thread: 0x0000000015dc7000

heap address: 0x00000000a0c00000, size: 1524 MB, Compressed Oops mode: 32-bit
Narrow klass base: 0x0000000000000000, Narrow klass shift: 3
Compressed class space size: 1073741824 Address: 0x0000000100000000

Heap:
 PSYoungGen      total 28672K, used 21266K [0x00000000e0400000, 0x00000000e2400000, 0x0000000100000000)
  eden space 24576K, 86% used [0x00000000e0400000,0x00000000e18c4b28,0x00000000e1c00000)
  from space 4096K, 0% used [0x00000000e2000000,0x00000000e2000000,0x00000000e2400000)
  to   space 4096K, 0% used [0x00000000e1c00000,0x00000000e1c00000,0x00000000e2000000)
 ParOldGen       total 65536K, used 0K [0x00000000a0c00000, 0x00000000a4c00000, 0x00000000e0400000)
  object space 65536K, 0% used [0x00000000a0c00000,0x00000000a0c00000,0x00000000a4c00000)
 Metaspace       used 14564K, capacity 14754K, committed 15104K, reserved 1062912K
  class space    used 1867K, capacity 1941K, committed 2048K, reserved 1048576K

Card table byte_map: [0x00000000118c0000,0x0000000011bc0000] byte_map_base: 0x00000000113ba000

Marking Bits: (ParMarkBitMap*) 0x000000005f625ce0
 Begin Bits: [0x00000000121c0000, 0x0000000013990000)
 End Bits:   [0x0000000013990000, 0x0000000015160000)

Polling page: 0x0000000000a70000

CodeCache: size=245760Kb used=4726Kb max_used=4731Kb free=241033Kb
 bounds [0x0000000002500000, 0x00000000029b0000, 0x0000000011500000]
 total_blobs=1964 nmethods=1438 adapters=438
 compilation: enabled

Compilation events (10 events):
Event: 40.901 Thread 0x0000000015e1c000 1521       1       sun.awt.windows.WToolkit::needUpdateWindow (2 bytes)
Event: 40.901 Thread 0x0000000015e1c000 nmethod 1521 0x000000000299e010 code [0x000000000299e160, 0x000000000299e270]
Event: 41.428 Thread 0x0000000015e04800 1522       4       java.lang.Thread::isInterrupted (6 bytes)
Event: 41.429 Thread 0x0000000015e04800 nmethod 1522 0x00000000029a0f50 code [0x00000000029a10a0, 0x00000000029a1148]
Event: 41.451 Thread 0x0000000015e1c000 1523       3       sun.awt.windows.WComponentPeer::handleJavaMouseEvent (76 bytes)
Event: 41.453 Thread 0x0000000015e1c000 nmethod 1523 0x000000000299f9d0 code [0x000000000299fc00, 0x00000000029a0a38]
Event: 41.617 Thread 0x0000000015e09000 1524       4       java.security.AccessControlContext::<init> (30 bytes)
Event: 41.618 Thread 0x0000000015e09000 nmethod 1524 0x0000000002690750 code [0x0000000002690880, 0x00000000026908f8]
Event: 42.022 Thread 0x0000000015e1c000 1525       3       sun.util.locale.LocaleUtils::toLowerString (95 bytes)
Event: 42.026 Thread 0x0000000015e1c000 nmethod 1525 0x00000000029a2950 code [0x00000000029a2ba0, 0x00000000029a3aa8]

GC Heap History (0 events):
No events

Deoptimization events (7 events):
Event: 0.321 Thread 0x00000000023fd800 Uncommon trap: reason=null_check action=make_not_entrant pc=0x0000000002672554 method=java.lang.String.equals(Ljava/lang/Object;)Z @ 8
Event: 9.409 Thread 0x00000000183f0000 Uncommon trap: reason=class_check action=maybe_recompile pc=0x000000000268d620 method=java.lang.String.equals(Ljava/lang/Object;)Z @ 8
Event: 9.409 Thread 0x00000000183f0000 Uncommon trap: reason=class_check action=maybe_recompile pc=0x000000000268d620 method=java.lang.String.equals(Ljava/lang/Object;)Z @ 8
Event: 9.470 Thread 0x00000000183f0000 Uncommon trap: reason=class_check action=maybe_recompile pc=0x000000000268d620 method=java.lang.String.equals(Ljava/lang/Object;)Z @ 8
Event: 9.471 Thread 0x00000000183f0000 Uncommon trap: reason=class_check action=maybe_recompile pc=0x000000000268d620 method=java.lang.String.equals(Ljava/lang/Object;)Z @ 8
Event: 16.815 Thread 0x00000000183f0000 Uncommon trap: reason=unstable_if action=reinterpret pc=0x00000000027e2b88 method=java.security.AccessControlContext.optimize()Ljava/security/AccessControlContext; @ 220
Event: 20.653 Thread 0x000000001790f800 Uncommon trap: reason=unstable_if action=reinterpret pc=0x0000000002898fc8 method=sun.awt.image.PNGImageDecoder.filterRow([B[BIII)V @ 221

Classes redefined (0 events):
No events

Internal exceptions (10 events):
Event: 0.175 Thread 0x00000000023fd800 Exception <a 'java/security/PrivilegedActionException'> (0x00000000e0513218) thrown at [C:\re\workspace\8-2-build-windows-amd64-cygwin\jdk8u212\12974\hotspot\src\share\vm\prims\jvm.cpp, line 1502]
Event: 0.175 Thread 0x00000000023fd800 Exception <a 'java/security/PrivilegedActionException'> (0x00000000e0513428) thrown at [C:\re\workspace\8-2-build-windows-amd64-cygwin\jdk8u212\12974\hotspot\src\share\vm\prims\jvm.cpp, line 1502]
Event: 0.176 Thread 0x00000000023fd800 Exception <a 'java/security/PrivilegedActionException'> (0x00000000e0517338) thrown at [C:\re\workspace\8-2-build-windows-amd64-cygwin\jdk8u212\12974\hotspot\src\share\vm\prims\jvm.cpp, line 1502]
Event: 0.176 Thread 0x00000000023fd800 Exception <a 'java/security/PrivilegedActionException'> (0x00000000e0517548) thrown at [C:\re\workspace\8-2-build-windows-amd64-cygwin\jdk8u212\12974\hotspot\src\share\vm\prims\jvm.cpp, line 1502]
Event: 0.181 Thread 0x00000000023fd800 Exception <a 'java/io/FileNotFoundException'> (0x00000000e0519618) thrown at [C:\re\workspace\8-2-build-windows-amd64-cygwin\jdk8u212\12974\hotspot\src\share\vm\prims\jni.cpp, line 710]
Event: 0.228 Thread 0x00000000023fd800 Exception <a 'java/lang/NoSuchFieldError': method resolution failed> (0x00000000e05eae00) thrown at [C:\re\workspace\8-2-build-windows-amd64-cygwin\jdk8u212\12974\hotspot\src\share\vm\prims\methodHandles.cpp, line 1167]
Event: 0.231 Thread 0x00000000023fd800 Exception <a 'java/lang/NoSuchFieldError': method resolution failed> (0x00000000e05f82c8) thrown at [C:\re\workspace\8-2-build-windows-amd64-cygwin\jdk8u212\12974\hotspot\src\share\vm\prims\methodHandles.cpp, line 1167]
Event: 0.286 Thread 0x00000000023fd800 Exception <a 'java/io/FileNotFoundException'> (0x00000000e0691228) thrown at [C:\re\workspace\8-2-build-windows-amd64-cygwin\jdk8u212\12974\hotspot\src\share\vm\prims\jni.cpp, line 710]
Event: 0.321 Thread 0x00000000023fd800 Implicit null exception at 0x000000000267239b to 0x0000000002672545
Event: 20.653 Thread 0x000000001790f800 Implicit null exception at 0x0000000002898b25 to 0x0000000002898fb5

Events (10 events):
Event: 42.059 loading class sun/awt/shell/Win32ShellFolderManager2$ComInvoker$1$1
Event: 42.059 loading class sun/awt/shell/Win32ShellFolderManager2$ComInvoker$1$1 done
Event: 42.059 Thread 0x000000001afce000 Thread exited: 0x000000001afce000
Event: 42.059 Thread 0x000000001afcd000 Thread exited: 0x000000001afcd000
Event: 42.072 Thread 0x0000000017b55800 Thread exited: 0x0000000017b55800
Event: 42.137 Executing VM operation: RevokeBias
Event: 42.137 Executing VM operation: RevokeBias done
Event: 42.137 Thread 0x00000000188f4000 Thread exited: 0x00000000188f4000
Event: 42.161 Thread 0x000000001afc9800 Thread exited: 0x000000001afc9800
Event: 42.161 Executing VM operation: Exit


Dynamic libraries:
0x00007ff7ffdc0000 - 0x00007ff7ffdf7000 	C:\Program Files\Java\jdk1.8.0_212\bin\java.exe
0x00007ff89dcc0000 - 0x00007ff89deb0000 	C:\Windows\SYSTEM32\ntdll.dll
0x00007ff89caa0000 - 0x00007ff89cb52000 	C:\Windows\System32\KERNEL32.DLL
0x00007ff89b680000 - 0x00007ff89b923000 	C:\Windows\System32\KERNELBASE.dll
0x00007ff89cff0000 - 0x00007ff89d093000 	C:\Windows\System32\ADVAPI32.dll
0x00007ff89cc30000 - 0x00007ff89ccce000 	C:\Windows\System32\msvcrt.dll
0x00007ff89d1c0000 - 0x00007ff89d257000 	C:\Windows\System32\sechost.dll
0x00007ff89d0a0000 - 0x00007ff89d1c0000 	C:\Windows\System32\RPCRT4.dll
0x00007ff89cd40000 - 0x00007ff89ced3000 	C:\Windows\System32\USER32.dll
0x00007ff89bb70000 - 0x00007ff89bb91000 	C:\Windows\System32\win32u.dll
0x00007ff89c9c0000 - 0x00007ff89c9e6000 	C:\Windows\System32\GDI32.dll
0x00007ff89b930000 - 0x00007ff89bac4000 	C:\Windows\System32\gdi32full.dll
0x00007ff89bad0000 - 0x00007ff89bb6e000 	C:\Windows\System32\msvcp_win.dll
0x00007ff89bc50000 - 0x00007ff89bd4a000 	C:\Windows\System32\ucrtbase.dll
0x00007ff89a070000 - 0x00007ff89a2f5000 	C:\Windows\WinSxS\amd64_microsoft.windows.common-controls_6595b64144ccf1df_6.0.18362.175_none_e6c3ab1f131014c9\COMCTL32.dll
0x00007ff89d940000 - 0x00007ff89dc76000 	C:\Windows\System32\combase.dll
0x00007ff89ada0000 - 0x00007ff89ae21000 	C:\Windows\System32\bcryptPrimitives.dll
0x00007ff89cf40000 - 0x00007ff89cf6e000 	C:\Windows\System32\IMM32.DLL
0x000000005ed20000 - 0x000000005edf2000 	C:\Program Files\Java\jdk1.8.0_212\jre\bin\msvcr100.dll
0x000000005ee00000 - 0x000000005f6a5000 	C:\Program Files\Java\jdk1.8.0_212\jre\bin\server\jvm.dll
0x00007ff89ccd0000 - 0x00007ff89ccd8000 	C:\Windows\System32\PSAPI.DLL
0x00007ff897800000 - 0x00007ff897824000 	C:\Windows\SYSTEM32\WINMM.dll
0x00007ff895660000 - 0x00007ff895669000 	C:\Windows\SYSTEM32\WSOCK32.dll
0x00007ff89d660000 - 0x00007ff89d6cf000 	C:\Windows\System32\WS2_32.dll
0x00007ff88bf40000 - 0x00007ff88bf4a000 	C:\Windows\SYSTEM32\VERSION.dll
0x00007ff8977d0000 - 0x00007ff8977fd000 	C:\Windows\SYSTEM32\WINMMBASE.dll
0x00007ff89bba0000 - 0x00007ff89bbea000 	C:\Windows\System32\cfgmgr32.dll
0x00007ff88c660000 - 0x00007ff88c66f000 	C:\Program Files\Java\jdk1.8.0_212\jre\bin\verify.dll
0x00007ff888690000 - 0x00007ff8886b9000 	C:\Program Files\Java\jdk1.8.0_212\jre\bin\java.dll
0x00007ff886c20000 - 0x00007ff886c36000 	C:\Program Files\Java\jdk1.8.0_212\jre\bin\zip.dll
0x00007ff89c2c0000 - 0x00007ff89c9a0000 	C:\Windows\System32\SHELL32.dll
0x00007ff89c9f0000 - 0x00007ff89ca99000 	C:\Windows\System32\shcore.dll
0x00007ff89ae30000 - 0x00007ff89b5ab000 	C:\Windows\System32\windows.storage.dll
0x00007ff89aba0000 - 0x00007ff89abbf000 	C:\Windows\System32\profapi.dll
0x00007ff89abe0000 - 0x00007ff89ac2a000 	C:\Windows\System32\powrprof.dll
0x00007ff89ab90000 - 0x00007ff89aba0000 	C:\Windows\System32\UMPDC.dll
0x00007ff89d600000 - 0x00007ff89d652000 	C:\Windows\System32\shlwapi.dll
0x00007ff89abc0000 - 0x00007ff89abd1000 	C:\Windows\System32\kernel.appcore.dll
0x00007ff89b5b0000 - 0x00007ff89b5c7000 	C:\Windows\System32\cryptsp.dll
0x00007ff885ae0000 - 0x00007ff885c79000 	C:\Program Files\Java\jdk1.8.0_212\jre\bin\awt.dll
0x00007ff89c1f0000 - 0x00007ff89c2b4000 	C:\Windows\System32\OLEAUT32.dll
0x00007ff898060000 - 0x00007ff8980ef000 	C:\Windows\SYSTEM32\apphelp.dll
0x00007ff898410000 - 0x00007ff89843d000 	C:\Windows\system32\DWMAPI.DLL
0x00007ff898320000 - 0x00007ff8983b9000 	C:\Windows\system32\uxtheme.dll
0x00007ff876960000 - 0x00007ff876aaf000 	C:\Windows\system32\opengl32.dll
0x00007ff886bb0000 - 0x00007ff886bdc000 	C:\Windows\SYSTEM32\GLU32.dll
0x00007ff8991c0000 - 0x00007ff8991e0000 	C:\Windows\SYSTEM32\dxcore.dll
0x00007ff89d7f0000 - 0x00007ff89d927000 	C:\Windows\System32\MSCTF.dll
0x00007ff89d4a0000 - 0x00007ff89d5f6000 	C:\Windows\System32\ole32.dll
0x00007ff885a90000 - 0x00007ff885ad9000 	C:\Program Files\Java\jdk1.8.0_212\jre\bin\fontmanager.dll
0x00007ff886c00000 - 0x00007ff886c1a000 	C:\Program Files\Java\jdk1.8.0_212\jre\bin\net.dll
0x00007ff88db50000 - 0x00007ff88dd24000 	C:\Windows\SYSTEM32\urlmon.dll
0x00007ff88de50000 - 0x00007ff88e0f6000 	C:\Windows\SYSTEM32\iertutil.dll
0x00007ff899ef0000 - 0x00007ff899efc000 	C:\Windows\SYSTEM32\CRYPTBASE.DLL
0x00007ff899d20000 - 0x00007ff899d87000 	C:\Windows\system32\mswsock.dll
0x00007ff886be0000 - 0x00007ff886bf2000 	C:\Program Files\Java\jdk1.8.0_212\jre\bin\nio.dll
0x00007ff87f860000 - 0x00007ff87f8a2000 	C:\Program Files\Java\jdk1.8.0_212\jre\bin\t2k.dll
0x00007ff89d740000 - 0x00007ff89d7e2000 	C:\Windows\System32\clbcatq.dll
0x00007ff894830000 - 0x00007ff8949df000 	C:\Windows\SYSTEM32\WindowsCodecs.dll
0x00007ff882ab0000 - 0x00007ff882aea000 	C:\Windows\system32\dataexchange.dll
0x00007ff897570000 - 0x00007ff8977cb000 	C:\Windows\system32\d3d11.dll
0x00007ff897830000 - 0x00007ff897a0b000 	C:\Windows\system32\dcomp.dll
0x00007ff899250000 - 0x00007ff89933a000 	C:\Windows\system32\dxgi.dll
0x00007ff898440000 - 0x00007ff89869a000 	C:\Windows\system32\twinapi.appcore.dll
0x00007ff898840000 - 0x00007ff898869000 	C:\Windows\system32\RMCLIENT.dll
0x00007ff892da0000 - 0x00007ff892db6000 	C:\Windows\system32\napinsp.dll
0x00007ff892d80000 - 0x00007ff892d9a000 	C:\Windows\system32\pnrpnsp.dll
0x00007ff899ac0000 - 0x00007ff899b8a000 	C:\Windows\SYSTEM32\DNSAPI.dll
0x00007ff89d930000 - 0x00007ff89d938000 	C:\Windows\System32\NSI.dll
0x00007ff899a80000 - 0x00007ff899aba000 	C:\Windows\SYSTEM32\IPHLPAPI.DLL
0x00007ff8951b0000 - 0x00007ff8951be000 	C:\Windows\System32\winrnr.dll
0x00007ff896700000 - 0x00007ff89671c000 	C:\Windows\system32\NLAapi.dll
0x00007ff885250000 - 0x00007ff885265000 	C:\Windows\system32\wshbth.dll
0x00007ff8914a0000 - 0x00007ff8914aa000 	C:\Windows\System32\rasadhlp.dll
0x00007ff891410000 - 0x00007ff891487000 	C:\Windows\System32\fwpuclnt.dll
0x00007ff89bd50000 - 0x00007ff89bd76000 	C:\Windows\System32\bcrypt.dll
0x00007ff88f370000 - 0x00007ff88f40e000 	C:\Windows\System32\TextInputFramework.dll
0x00007ff8949e0000 - 0x00007ff894d09000 	C:\Windows\System32\CoreUIComponents.dll
0x00007ff897e50000 - 0x00007ff897f24000 	C:\Windows\System32\CoreMessaging.dll
0x00007ff89a670000 - 0x00007ff89a6a1000 	C:\Windows\SYSTEM32\ntmarta.dll
0x00007ff895d50000 - 0x00007ff895ea3000 	C:\Windows\SYSTEM32\wintypes.dll
0x00007ff875ca0000 - 0x00007ff875d49000 	C:\Windows\WinSxS\amd64_microsoft.windows.common-controls_6595b64144ccf1df_5.82.18362.175_none_2a2a19d646679ca0\comctl32.dll
0x00007ff896880000 - 0x00007ff89696f000 	C:\Windows\SYSTEM32\PROPSYS.dll
0x00007ff888c50000 - 0x00007ff888c66000 	C:\Windows\system32\NetworkExplorer.dll
0x00007ff887100000 - 0x00007ff88711b000 	C:\Windows\SYSTEM32\MPR.dll
0x00007ff898210000 - 0x00007ff89821b000 	C:\Windows\System32\drprov.dll
0x00007ff899fa0000 - 0x00007ff899ffc000 	C:\Windows\System32\WINSTA.dll
0x00007ff8967a0000 - 0x00007ff8967b5000 	C:\Windows\System32\ntlanman.dll
0x00007ff895290000 - 0x00007ff8952ad000 	C:\Windows\System32\davclnt.dll
0x00007ff896810000 - 0x00007ff89681c000 	C:\Windows\System32\DAVHLPR.dll
0x00007ff899f80000 - 0x00007ff899f97000 	C:\Windows\System32\wkscli.dll
0x00007ff885890000 - 0x00007ff8858a2000 	C:\Windows\SYSTEM32\cscapi.dll
0x00007ff899b90000 - 0x00007ff899b9c000 	C:\Windows\System32\netutils.dll
0x00007ff875c40000 - 0x00007ff875c93000 	C:\Windows\System32\dlnashext.dll
0x00007ff87af50000 - 0x00007ff87afb4000 	C:\Windows\System32\PlayToDevice.dll
0x00007ff887f30000 - 0x00007ff887f50000 	C:\Windows\System32\DevDispItemProvider.dll
0x00007ff893b70000 - 0x00007ff893be8000 	C:\Windows\System32\MMDevApi.dll
0x00007ff89a990000 - 0x00007ff89a9ba000 	C:\Windows\System32\DEVOBJ.dll
0x00007ff895920000 - 0x00007ff8959be000 	C:\Windows\System32\PortableDeviceApi.dll
0x00007ff89bd80000 - 0x00007ff89c1f0000 	C:\Windows\System32\SETUPAPI.dll
0x00007ff89bbf0000 - 0x00007ff89bc4c000 	C:\Windows\System32\WINTRUST.dll
0x00007ff89ac30000 - 0x00007ff89ac42000 	C:\Windows\System32\MSASN1.dll
0x00007ff89ac50000 - 0x00007ff89ad99000 	C:\Windows\System32\CRYPT32.dll
0x00007ff88caa0000 - 0x00007ff88cac5000 	C:\Windows\System32\EhStorAPI.dll
0x00007ff8969a0000 - 0x00007ff8969b3000 	C:\Windows\System32\WTSAPI32.dll
0x00007ff881a30000 - 0x00007ff881a3d000 	C:\Windows\SYSTEM32\LINKINFO.dll
0x00007ff89a6b0000 - 0x00007ff89a8a4000 	C:\Windows\SYSTEM32\dbghelp.dll

VM Arguments:
jvm_args: -Dfile.encoding=UTF-8 
java_command: Chat
java_class_path (initial): C:\Program Files\NetBeans 8.2\java\modules\ext\AbsoluteLayout.jar;D:\Sync from Drive to PC\Java\Workshop 6-7\build\classes
Launcher Type: SUN_STANDARD

Environment Variables:
PATH=C:\Program Files (x86)\Common Files\Oracle\Java\javapath;C:\Windows\system32;C:\Windows;C:\Windows\System32\Wbem;C:\Windows\System32\WindowsPowerShell\v1.0\;C:\Windows\System32\OpenSSH\;C:\Users\hungt\AppData\Local\Microsoft\WindowsApps;;C:\Program Files\JetBrains\IntelliJ IDEA 2019.1.3\bin;
USERNAME=tuannnh
OS=Windows_NT
PROCESSOR_IDENTIFIER=Intel64 Family 6 Model 42 Stepping 7, GenuineIntel



---------------  S Y S T E M  ---------------

OS: Windows 10.0 , 64 bit Build 18362 (10.0.18362.86)

CPU:total 4 (initial active 4) (2 cores per cpu, 2 threads per core) family 6 model 42 stepping 7, cmov, cx8, fxsr, mmx, sse, sse2, sse3, ssse3, sse4.1, sse4.2, popcnt, avx, aes, clmul, ht, tsc, tscinvbit

Memory: 4k page, physical 6238060k(898820k free), swap 9777004k(2529448k free)

vm_info: Java HotSpot(TM) 64-Bit Server VM (25.212-b10) for windows-amd64 JRE (1.8.0_212-b10), built on Apr  1 2019 22:50:23 by "java_re" with MS VC++ 10.0 (VS2010)

time: Fri Jun 28 16:57:04 2019
timezone: SE Asia Standard Time
elapsed time: 42 seconds (0d 0h 0m 42s)

